<?xml version="1.0" encoding="UTF-8"?>
<coverage generated="1743873891211" clover="3.2.0">
  <project timestamp="1743873891212" name="All files">
    <metrics statements="10" coveredstatements="9" conditionals="5" coveredconditionals="1" methods="2" coveredmethods="2" elements="17" coveredelements="12" complexity="0" loc="10" ncloc="10" packages="1" files="3" classes="3"/>
    <file name="apiRequest.js" path="/Users/serhii.lazun/Desktop/aqa-advanced/apiRequest.js">
      <metrics statements="4" coveredstatements="4" conditionals="2" coveredconditionals="0" methods="1" coveredmethods="1"/>
      <line num="1" count="1" type="stmt"/>
      <line num="4" count="1" type="stmt"/>
      <line num="11" count="1" type="stmt"/>
      <line num="14" count="1" type="stmt"/>
    </file>
    <file name="apiService.js" path="/Users/serhii.lazun/Desktop/aqa-advanced/apiService.js">
      <metrics statements="6" coveredstatements="5" conditionals="3" coveredconditionals="1" methods="1" coveredmethods="1"/>
      <line num="1" count="1" type="stmt"/>
      <line num="4" count="1" type="stmt"/>
      <line num="5" count="1" type="stmt"/>
      <line num="6" count="1" type="stmt"/>
      <line num="12" count="0" type="stmt"/>
      <line num="22" count="1" type="stmt"/>
    </file>
    <file name="errorExample.js" path="/Users/serhii.lazun/Desktop/aqa-advanced/errorExample.js">
      <metrics statements="0" coveredstatements="0" conditionals="0" coveredconditionals="0" methods="0" coveredmethods="0"/>
    </file>
  </project>
</coverage>
