{"/Users/serhii.lazun/Desktop/aqa-advanced/apiRequest.js": {"path":"/Users/serhii.lazun/Desktop/aqa-advanced/apiRequest.js","statementMap":{"0":{"start":{"line":1,"column":14},"end":{"line":1,"column":30}},"1":{"start":{"line":4,"column":19},"end":{"line":10,"column":4}},"2":{"start":{"line":11,"column":2},"end":{"line":11,"column":23}},"3":{"start":{"line":14,"column":0},"end":{"line":14,"column":55}}},"fnMap":{"0":{"name":"makeRequestWithCustomHeadersAndParams","decl":{"start":{"line":3,"column":15},"end":{"line":3,"column":52}},"loc":{"start":{"line":3,"column":85},"end":{"line":12,"column":1}},"line":3}},"branchMap":{"0":{"loc":{"start":{"line":3,"column":58},"end":{"line":3,"column":69}},"type":"default-arg","locations":[{"start":{"line":3,"column":67},"end":{"line":3,"column":69}}],"line":3},"1":{"loc":{"start":{"line":3,"column":71},"end":{"line":3,"column":83}},"type":"default-arg","locations":[{"start":{"line":3,"column":81},"end":{"line":3,"column":83}}],"line":3}},"s":{"0":1,"1":1,"2":1,"3":1},"f":{"0":1},"b":{"0":[0],"1":[0]},"_coverageSchema":"1a1c01bbd47fc00a2c39e90264f33305004495a9","hash":"9d721854b145cc00f9e46fa94f27985ae2e19ba3"}
,"/Users/serhii.lazun/Desktop/aqa-advanced/apiService.js": {"path":"/Users/serhii.lazun/Desktop/aqa-advanced/apiService.js","statementMap":{"0":{"start":{"line":1,"column":14},"end":{"line":1,"column":30}},"1":{"start":{"line":4,"column":2},"end":{"line":19,"column":3}},"2":{"start":{"line":5,"column":21},"end":{"line":5,"column":58}},"3":{"start":{"line":6,"column":4},"end":{"line":10,"column":6}},"4":{"start":{"line":12,"column":4},"end":{"line":18,"column":6}},"5":{"start":{"line":22,"column":0},"end":{"line":22,"column":38}}},"fnMap":{"0":{"name":"fetchDataFromAPI","decl":{"start":{"line":3,"column":15},"end":{"line":3,"column":31}},"loc":{"start":{"line":3,"column":55},"end":{"line":20,"column":1}},"line":3}},"branchMap":{"0":{"loc":{"start":{"line":3,"column":42},"end":{"line":3,"column":53}},"type":"default-arg","locations":[{"start":{"line":3,"column":51},"end":{"line":3,"column":53}}],"line":3},"1":{"loc":{"start":{"line":14,"column":13},"end":{"line":17,"column":36}},"type":"cond-expr","locations":[{"start":{"line":14,"column":30},"end":{"line":17,"column":7}},{"start":{"line":17,"column":10},"end":{"line":17,"column":36}}],"line":14}},"s":{"0":1,"1":1,"2":1,"3":1,"4":0,"5":1},"f":{"0":1},"b":{"0":[1],"1":[0,0]},"_coverageSchema":"1a1c01bbd47fc00a2c39e90264f33305004495a9","hash":"297931e9a9b355ddcfc1d71f3f0e06578560158e"}
,"/Users/serhii.lazun/Desktop/aqa-advanced/errorExample.js": {"path":"/Users/serhii.lazun/Desktop/aqa-advanced/errorExample.js","statementMap":{},"fnMap":{},"branchMap":{},"s":{},"f":{},"b":{},"_coverageSchema":"1a1c01bbd47fc00a2c39e90264f33305004495a9","hash":"f4e72d6bccb58f2f5af241d3dd303a877afd05ef"}
}
